<?xml version="1.0" encoding="UTF-8"?>
<!-- Generated by org.testng.reporters.JUnitReportReporter -->
<testsuite hostname="mohammadalkeswani" failures="0" tests="5" name="Parametars" time="23.317" errors="0" timestamp="2024-05-15T08:45:59 EEST" skipped="0">
  <testcase classname="Parametars" name="book_ticket" time="3.936"/>
  <testcase classname="Parametars" name="assertSite_lowestPrice" time="10.515"/>
  <testcase classname="Parametars" name="selectFlight" time="1.004"/>
  <testcase classname="Parametars" name="passengersTab" time="7.747"/>
  <testcase classname="Parametars" name="aa" time="0.115"/>
</testsuite> <!-- Parametars -->
